Traceback (most recent call last):
  File "/opt/hostedtoolcache/Python/3.7.10/x64/lib/python3.7/site-packages/jupyter_cache/executors/utils.py", line 56, in single_nb_execution
    record_timing=False,
  File "/opt/hostedtoolcache/Python/3.7.10/x64/lib/python3.7/site-packages/nbclient/client.py", line 1112, in execute
    return NotebookClient(nb=nb, resources=resources, km=km, **kwargs).execute()
  File "/opt/hostedtoolcache/Python/3.7.10/x64/lib/python3.7/site-packages/nbclient/util.py", line 74, in wrapped
    return just_run(coro(*args, **kwargs))
  File "/opt/hostedtoolcache/Python/3.7.10/x64/lib/python3.7/site-packages/nbclient/util.py", line 53, in just_run
    return loop.run_until_complete(coro)
  File "/opt/hostedtoolcache/Python/3.7.10/x64/lib/python3.7/asyncio/base_events.py", line 587, in run_until_complete
    return future.result()
  File "/opt/hostedtoolcache/Python/3.7.10/x64/lib/python3.7/site-packages/nbclient/client.py", line 554, in async_execute
    cell, index, execution_count=self.code_cells_executed + 1
  File "/opt/hostedtoolcache/Python/3.7.10/x64/lib/python3.7/site-packages/nbclient/client.py", line 857, in async_execute_cell
    self._check_raise_for_error(cell, exec_reply)
  File "/opt/hostedtoolcache/Python/3.7.10/x64/lib/python3.7/site-packages/nbclient/client.py", line 760, in _check_raise_for_error
    raise CellExecutionError.from_cell_and_msg(cell, exec_reply_content)
nbclient.exceptions.CellExecutionError: An error occurred while executing the following cell:
------------------
x_start = np.min(xi)
x_end = np.max(xi)

x_d = x_end - x_start

x_start -= 0.1 * x_d
x_end += 0.1 * x_d

xarr = np.linspace(x_start, x_end, 100)
yarr = f(xarr)
y_d = np.max(yarr) - np.min(yarr)


n_max = 3
first = True
for n in range(0, n_max+1):
    plt.plot(xarr, f(xarr), label='f(x)')
    plt.axhline(0, c='grey', zorder=0)
    plt.xlabel('x')
    plt.ylabel('f(x)')
    for i in range(n):
        x = xi[i]
        xn = xi[i+1]
        c = 'C3'
        a = 1.0
        if i != n-1:
            c = 'gray'
            a = 0.3
        plt.scatter(x, 0, c=c, alpha=a, label='Iterationspunkte $x_i$' if first else None, zorder=3)
        plt.vlines(x, 0, f(x), color='grey', ls=':', zorder=0, alpha=a)
        if x > xn:
            x_t1 = xn - 0.1*x_d
            x_t2 = x + 0.1*x_d
            y_t1 = - 0.1*x_d * fp(x)
            y_t2 = f(x) + 0.1*x_d * fp(x)
        else:
            x_t2 = xn + 0.1*x_d
            x_t1 = x - 0.1*x_d
            y_t2 = 0.1*x_d * fp(x)
            y_t1 = f(x) - 0.1*x_d * fp(x)

    #     plt.plot([x, xn], [f(x), 0], c='C3')
        plt.plot([x_t1, x_t2], [y_t1, y_t2], c=c, alpha=a, label='Tangenten' if first else None)
        if i == n_max:
            plt.scatter(xn, 0, c='C4', zorder=3)
        first = False
    plt.savefig('bilder/newton_bsp1_step_{:02d}.png'.format(n))
    plt.clf()
------------------

[0;31m---------------------------------------------------------------------------[0m
[0;31mFileNotFoundError[0m                         Traceback (most recent call last)
[0;32m/opt/hostedtoolcache/Python/3.7.10/x64/lib/python3.7/site-packages/matplotlib/texmanager.py[0m in [0;36m_run_checked_subprocess[0;34m(self, command, tex, cwd)[0m
[1;32m    253[0m                 [0mcommand[0m[0;34m,[0m [0mcwd[0m[0;34m=[0m[0mcwd[0m [0;32mif[0m [0mcwd[0m [0;32mis[0m [0;32mnot[0m [0;32mNone[0m [0;32melse[0m [0mself[0m[0;34m.[0m[0mtexcache[0m[0;34m,[0m[0;34m[0m[0;34m[0m[0m
[0;32m--> 254[0;31m                 stderr=subprocess.STDOUT)
[0m[1;32m    255[0m         [0;32mexcept[0m [0mFileNotFoundError[0m [0;32mas[0m [0mexc[0m[0;34m:[0m[0;34m[0m[0;34m[0m[0m

[0;32m/opt/hostedtoolcache/Python/3.7.10/x64/lib/python3.7/subprocess.py[0m in [0;36mcheck_output[0;34m(timeout, *popenargs, **kwargs)[0m
[1;32m    410[0m     return run(*popenargs, stdout=PIPE, timeout=timeout, check=True,
[0;32m--> 411[0;31m                **kwargs).stdout
[0m[1;32m    412[0m [0;34m[0m[0m

[0;32m/opt/hostedtoolcache/Python/3.7.10/x64/lib/python3.7/subprocess.py[0m in [0;36mrun[0;34m(input, capture_output, timeout, check, *popenargs, **kwargs)[0m
[1;32m    487[0m [0;34m[0m[0m
[0;32m--> 488[0;31m     [0;32mwith[0m [0mPopen[0m[0;34m([0m[0;34m*[0m[0mpopenargs[0m[0;34m,[0m [0;34m**[0m[0mkwargs[0m[0;34m)[0m [0;32mas[0m [0mprocess[0m[0;34m:[0m[0;34m[0m[0;34m[0m[0m
[0m[1;32m    489[0m         [0;32mtry[0m[0;34m:[0m[0;34m[0m[0;34m[0m[0m

[0;32m/opt/hostedtoolcache/Python/3.7.10/x64/lib/python3.7/subprocess.py[0m in [0;36m__init__[0;34m(self, args, bufsize, executable, stdin, stdout, stderr, preexec_fn, close_fds, shell, cwd, env, universal_newlines, startupinfo, creationflags, restore_signals, start_new_session, pass_fds, encoding, errors, text)[0m
[1;32m    799[0m                                 [0merrread[0m[0;34m,[0m [0merrwrite[0m[0;34m,[0m[0;34m[0m[0;34m[0m[0m
[0;32m--> 800[0;31m                                 restore_signals, start_new_session)
[0m[1;32m    801[0m         [0;32mexcept[0m[0;34m:[0m[0;34m[0m[0;34m[0m[0m

[0;32m/opt/hostedtoolcache/Python/3.7.10/x64/lib/python3.7/subprocess.py[0m in [0;36m_execute_child[0;34m(self, args, executable, preexec_fn, close_fds, pass_fds, cwd, env, startupinfo, creationflags, shell, p2cread, p2cwrite, c2pread, c2pwrite, errread, errwrite, restore_signals, start_new_session)[0m
[1;32m   1550[0m                             [0merr_msg[0m [0;34m+=[0m [0;34m': '[0m [0;34m+[0m [0mrepr[0m[0;34m([0m[0merr_filename[0m[0;34m)[0m[0;34m[0m[0;34m[0m[0m
[0;32m-> 1551[0;31m                     [0;32mraise[0m [0mchild_exception_type[0m[0;34m([0m[0merrno_num[0m[0;34m,[0m [0merr_msg[0m[0;34m,[0m [0merr_filename[0m[0;34m)[0m[0;34m[0m[0;34m[0m[0m
[0m[1;32m   1552[0m                 [0;32mraise[0m [0mchild_exception_type[0m[0;34m([0m[0merr_msg[0m[0;34m)[0m[0;34m[0m[0;34m[0m[0m

[0;31mFileNotFoundError[0m: [Errno 2] No such file or directory: 'latex': 'latex'

The above exception was the direct cause of the following exception:

[0;31mRuntimeError[0m                              Traceback (most recent call last)
[0;32m/opt/hostedtoolcache/Python/3.7.10/x64/lib/python3.7/site-packages/IPython/core/formatters.py[0m in [0;36m__call__[0;34m(self, obj)[0m
[1;32m    339[0m                 [0;32mpass[0m[0;34m[0m[0;34m[0m[0m
[1;32m    340[0m             [0;32melse[0m[0;34m:[0m[0;34m[0m[0;34m[0m[0m
[0;32m--> 341[0;31m                 [0;32mreturn[0m [0mprinter[0m[0;34m([0m[0mobj[0m[0;34m)[0m[0;34m[0m[0;34m[0m[0m
[0m[1;32m    342[0m             [0;31m# Finally look for special method names[0m[0;34m[0m[0;34m[0m[0;34m[0m[0m
[1;32m    343[0m             [0mmethod[0m [0;34m=[0m [0mget_real_method[0m[0;34m([0m[0mobj[0m[0;34m,[0m [0mself[0m[0;34m.[0m[0mprint_method[0m[0;34m)[0m[0;34m[0m[0;34m[0m[0m

[0;32m/opt/hostedtoolcache/Python/3.7.10/x64/lib/python3.7/site-packages/IPython/core/pylabtools.py[0m in [0;36m<lambda>[0;34m(fig)[0m
[1;32m    246[0m [0;34m[0m[0m
[1;32m    247[0m     [0;32mif[0m [0;34m'png'[0m [0;32min[0m [0mformats[0m[0;34m:[0m[0;34m[0m[0;34m[0m[0m
[0;32m--> 248[0;31m         [0mpng_formatter[0m[0;34m.[0m[0mfor_type[0m[0;34m([0m[0mFigure[0m[0;34m,[0m [0;32mlambda[0m [0mfig[0m[0;34m:[0m [0mprint_figure[0m[0;34m([0m[0mfig[0m[0;34m,[0m [0;34m'png'[0m[0;34m,[0m [0;34m**[0m[0mkwargs[0m[0;34m)[0m[0;34m)[0m[0;34m[0m[0;34m[0m[0m
[0m[1;32m    249[0m     [0;32mif[0m [0;34m'retina'[0m [0;32min[0m [0mformats[0m [0;32mor[0m [0;34m'png2x'[0m [0;32min[0m [0mformats[0m[0;34m:[0m[0;34m[0m[0;34m[0m[0m
[1;32m    250[0m         [0mpng_formatter[0m[0;34m.[0m[0mfor_type[0m[0;34m([0m[0mFigure[0m[0;34m,[0m [0;32mlambda[0m [0mfig[0m[0;34m:[0m [0mretina_figure[0m[0;34m([0m[0mfig[0m[0;34m,[0m [0;34m**[0m[0mkwargs[0m[0;34m)[0m[0;34m)[0m[0;34m[0m[0;34m[0m[0m

[0;32m/opt/hostedtoolcache/Python/3.7.10/x64/lib/python3.7/site-packages/IPython/core/pylabtools.py[0m in [0;36mprint_figure[0;34m(fig, fmt, bbox_inches, **kwargs)[0m
[1;32m    130[0m         [0mFigureCanvasBase[0m[0;34m([0m[0mfig[0m[0;34m)[0m[0;34m[0m[0;34m[0m[0m
[1;32m    131[0m [0;34m[0m[0m
[0;32m--> 132[0;31m     [0mfig[0m[0;34m.[0m[0mcanvas[0m[0;34m.[0m[0mprint_figure[0m[0;34m([0m[0mbytes_io[0m[0;34m,[0m [0;34m**[0m[0mkw[0m[0;34m)[0m[0;34m[0m[0;34m[0m[0m
[0m[1;32m    133[0m     [0mdata[0m [0;34m=[0m [0mbytes_io[0m[0;34m.[0m[0mgetvalue[0m[0;34m([0m[0;34m)[0m[0;34m[0m[0;34m[0m[0m
[1;32m    134[0m     [0;32mif[0m [0mfmt[0m [0;34m==[0m [0;34m'svg'[0m[0;34m:[0m[0;34m[0m[0;34m[0m[0m

[0;32m/opt/hostedtoolcache/Python/3.7.10/x64/lib/python3.7/site-packages/matplotlib/backend_bases.py[0m in [0;36mprint_figure[0;34m(self, filename, dpi, facecolor, edgecolor, orientation, format, bbox_inches, pad_inches, bbox_extra_artists, backend, **kwargs)[0m
[1;32m   2228[0m                        else suppress())
[1;32m   2229[0m                 [0;32mwith[0m [0mctx[0m[0;34m:[0m[0;34m[0m[0;34m[0m[0m
[0;32m-> 2230[0;31m                     [0mself[0m[0;34m.[0m[0mfigure[0m[0;34m.[0m[0mdraw[0m[0;34m([0m[0mrenderer[0m[0;34m)[0m[0;34m[0m[0;34m[0m[0m
[0m[1;32m   2231[0m [0;34m[0m[0m
[1;32m   2232[0m             [0;32mif[0m [0mbbox_inches[0m[0;34m:[0m[0;34m[0m[0;34m[0m[0m

[0;32m/opt/hostedtoolcache/Python/3.7.10/x64/lib/python3.7/site-packages/matplotlib/artist.py[0m in [0;36mdraw_wrapper[0;34m(artist, renderer, *args, **kwargs)[0m
[1;32m     72[0m     [0;34m@[0m[0mwraps[0m[0;34m([0m[0mdraw[0m[0;34m)[0m[0;34m[0m[0;34m[0m[0m
[1;32m     73[0m     [0;32mdef[0m [0mdraw_wrapper[0m[0;34m([0m[0martist[0m[0;34m,[0m [0mrenderer[0m[0;34m,[0m [0;34m*[0m[0margs[0m[0;34m,[0m [0;34m**[0m[0mkwargs[0m[0;34m)[0m[0;34m:[0m[0;34m[0m[0;34m[0m[0m
[0;32m---> 74[0;31m         [0mresult[0m [0;34m=[0m [0mdraw[0m[0;34m([0m[0martist[0m[0;34m,[0m [0mrenderer[0m[0;34m,[0m [0;34m*[0m[0margs[0m[0;34m,[0m [0;34m**[0m[0mkwargs[0m[0;34m)[0m[0;34m[0m[0;34m[0m[0m
[0m[1;32m     75[0m         [0;32mif[0m [0mrenderer[0m[0;34m.[0m[0m_rasterizing[0m[0;34m:[0m[0;34m[0m[0;34m[0m[0m
[1;32m     76[0m             [0mrenderer[0m[0;34m.[0m[0mstop_rasterizing[0m[0;34m([0m[0;34m)[0m[0;34m[0m[0;34m[0m[0m

[0;32m/opt/hostedtoolcache/Python/3.7.10/x64/lib/python3.7/site-packages/matplotlib/artist.py[0m in [0;36mdraw_wrapper[0;34m(artist, renderer, *args, **kwargs)[0m
[1;32m     49[0m                 [0mrenderer[0m[0;34m.[0m[0mstart_filter[0m[0;34m([0m[0;34m)[0m[0;34m[0m[0;34m[0m[0m
[1;32m     50[0m [0;34m[0m[0m
[0;32m---> 51[0;31m             [0;32mreturn[0m [0mdraw[0m[0;34m([0m[0martist[0m[0;34m,[0m [0mrenderer[0m[0;34m,[0m [0;34m*[0m[0margs[0m[0;34m,[0m [0;34m**[0m[0mkwargs[0m[0;34m)[0m[0;34m[0m[0;34m[0m[0m
[0m[1;32m     52[0m         [0;32mfinally[0m[0;34m:[0m[0;34m[0m[0;34m[0m[0m
[1;32m     53[0m             [0;32mif[0m [0martist[0m[0;34m.[0m[0mget_agg_filter[0m[0;34m([0m[0;34m)[0m [0;32mis[0m [0;32mnot[0m [0;32mNone[0m[0;34m:[0m[0;34m[0m[0;34m[0m[0m

[0;32m/opt/hostedtoolcache/Python/3.7.10/x64/lib/python3.7/site-packages/matplotlib/figure.py[0m in [0;36mdraw[0;34m(self, renderer)[0m
[1;32m   2736[0m             [0mself[0m[0;34m.[0m[0mpatch[0m[0;34m.[0m[0mdraw[0m[0;34m([0m[0mrenderer[0m[0;34m)[0m[0;34m[0m[0;34m[0m[0m
[1;32m   2737[0m             mimage._draw_list_compositing_images(
[0;32m-> 2738[0;31m                 renderer, self, artists, self.suppressComposite)
[0m[1;32m   2739[0m [0;34m[0m[0m
[1;32m   2740[0m             [0;32mfor[0m [0msfig[0m [0;32min[0m [0mself[0m[0;34m.[0m[0msubfigs[0m[0;34m:[0m[0;34m[0m[0;34m[0m[0m

[0;32m/opt/hostedtoolcache/Python/3.7.10/x64/lib/python3.7/site-packages/matplotlib/image.py[0m in [0;36m_draw_list_compositing_images[0;34m(renderer, parent, artists, suppress_composite)[0m
[1;32m    130[0m     [0;32mif[0m [0mnot_composite[0m [0;32mor[0m [0;32mnot[0m [0mhas_images[0m[0;34m:[0m[0;34m[0m[0;34m[0m[0m
[1;32m    131[0m         [0;32mfor[0m [0ma[0m [0;32min[0m [0martists[0m[0;34m:[0m[0;34m[0m[0;34m[0m[0m
[0;32m--> 132[0;31m             [0ma[0m[0;34m.[0m[0mdraw[0m[0;34m([0m[0mrenderer[0m[0;34m)[0m[0;34m[0m[0;34m[0m[0m
[0m[1;32m    133[0m     [0;32melse[0m[0;34m:[0m[0;34m[0m[0;34m[0m[0m
[1;32m    134[0m         [0;31m# Composite any adjacent images together[0m[0;34m[0m[0;34m[0m[0;34m[0m[0m

[0;32m/opt/hostedtoolcache/Python/3.7.10/x64/lib/python3.7/site-packages/matplotlib/artist.py[0m in [0;36mdraw_wrapper[0;34m(artist, renderer, *args, **kwargs)[0m
[1;32m     49[0m                 [0mrenderer[0m[0;34m.[0m[0mstart_filter[0m[0;34m([0m[0;34m)[0m[0;34m[0m[0;34m[0m[0m
[1;32m     50[0m [0;34m[0m[0m
[0;32m---> 51[0;31m             [0;32mreturn[0m [0mdraw[0m[0;34m([0m[0martist[0m[0;34m,[0m [0mrenderer[0m[0;34m,[0m [0;34m*[0m[0margs[0m[0;34m,[0m [0;34m**[0m[0mkwargs[0m[0;34m)[0m[0;34m[0m[0;34m[0m[0m
[0m[1;32m     52[0m         [0;32mfinally[0m[0;34m:[0m[0;34m[0m[0;34m[0m[0m
[1;32m     53[0m             [0;32mif[0m [0martist[0m[0;34m.[0m[0mget_agg_filter[0m[0;34m([0m[0;34m)[0m [0;32mis[0m [0;32mnot[0m [0;32mNone[0m[0;34m:[0m[0;34m[0m[0;34m[0m[0m

[0;32m/opt/hostedtoolcache/Python/3.7.10/x64/lib/python3.7/site-packages/matplotlib/_api/deprecation.py[0m in [0;36mwrapper[0;34m(*inner_args, **inner_kwargs)[0m
[1;32m    429[0m                          [0;32melse[0m [0mdeprecation_addendum[0m[0;34m,[0m[0;34m[0m[0;34m[0m[0m
[1;32m    430[0m                 **kwargs)
[0;32m--> 431[0;31m         [0;32mreturn[0m [0mfunc[0m[0;34m([0m[0;34m*[0m[0minner_args[0m[0;34m,[0m [0;34m**[0m[0minner_kwargs[0m[0;34m)[0m[0;34m[0m[0;34m[0m[0m
[0m[1;32m    432[0m [0;34m[0m[0m
[1;32m    433[0m     [0;32mreturn[0m [0mwrapper[0m[0;34m[0m[0;34m[0m[0m

[0;32m/opt/hostedtoolcache/Python/3.7.10/x64/lib/python3.7/site-packages/matplotlib/axes/_base.py[0m in [0;36mdraw[0;34m(self, renderer, inframe)[0m
[1;32m   2923[0m             [0mrenderer[0m[0;34m.[0m[0mstop_rasterizing[0m[0;34m([0m[0;34m)[0m[0;34m[0m[0;34m[0m[0m
[1;32m   2924[0m [0;34m[0m[0m
[0;32m-> 2925[0;31m         [0mmimage[0m[0;34m.[0m[0m_draw_list_compositing_images[0m[0;34m([0m[0mrenderer[0m[0;34m,[0m [0mself[0m[0;34m,[0m [0martists[0m[0;34m)[0m[0;34m[0m[0;34m[0m[0m
[0m[1;32m   2926[0m [0;34m[0m[0m
[1;32m   2927[0m         [0mrenderer[0m[0;34m.[0m[0mclose_group[0m[0;34m([0m[0;34m'axes'[0m[0;34m)[0m[0;34m[0m[0;34m[0m[0m

[0;32m/opt/hostedtoolcache/Python/3.7.10/x64/lib/python3.7/site-packages/matplotlib/image.py[0m in [0;36m_draw_list_compositing_images[0;34m(renderer, parent, artists, suppress_composite)[0m
[1;32m    130[0m     [0;32mif[0m [0mnot_composite[0m [0;32mor[0m [0;32mnot[0m [0mhas_images[0m[0;34m:[0m[0;34m[0m[0;34m[0m[0m
[1;32m    131[0m         [0;32mfor[0m [0ma[0m [0;32min[0m [0martists[0m[0;34m:[0m[0;34m[0m[0;34m[0m[0m
[0;32m--> 132[0;31m             [0ma[0m[0;34m.[0m[0mdraw[0m[0;34m([0m[0mrenderer[0m[0;34m)[0m[0;34m[0m[0;34m[0m[0m
[0m[1;32m    133[0m     [0;32melse[0m[0;34m:[0m[0;34m[0m[0;34m[0m[0m
[1;32m    134[0m         [0;31m# Composite any adjacent images together[0m[0;34m[0m[0;34m[0m[0;34m[0m[0m

[0;32m/opt/hostedtoolcache/Python/3.7.10/x64/lib/python3.7/site-packages/matplotlib/artist.py[0m in [0;36mdraw_wrapper[0;34m(artist, renderer, *args, **kwargs)[0m
[1;32m     49[0m                 [0mrenderer[0m[0;34m.[0m[0mstart_filter[0m[0;34m([0m[0;34m)[0m[0;34m[0m[0;34m[0m[0m
[1;32m     50[0m [0;34m[0m[0m
[0;32m---> 51[0;31m             [0;32mreturn[0m [0mdraw[0m[0;34m([0m[0martist[0m[0;34m,[0m [0mrenderer[0m[0;34m,[0m [0;34m*[0m[0margs[0m[0;34m,[0m [0;34m**[0m[0mkwargs[0m[0;34m)[0m[0;34m[0m[0;34m[0m[0m
[0m[1;32m     52[0m         [0;32mfinally[0m[0;34m:[0m[0;34m[0m[0;34m[0m[0m
[1;32m     53[0m             [0;32mif[0m [0martist[0m[0;34m.[0m[0mget_agg_filter[0m[0;34m([0m[0;34m)[0m [0;32mis[0m [0;32mnot[0m [0;32mNone[0m[0;34m:[0m[0;34m[0m[0;34m[0m[0m

[0;32m/opt/hostedtoolcache/Python/3.7.10/x64/lib/python3.7/site-packages/matplotlib/axis.py[0m in [0;36mdraw[0;34m(self, renderer, *args, **kwargs)[0m
[1;32m   1130[0m         [0mticks_to_draw[0m [0;34m=[0m [0mself[0m[0;34m.[0m[0m_update_ticks[0m[0;34m([0m[0;34m)[0m[0;34m[0m[0;34m[0m[0m
[1;32m   1131[0m         ticklabelBoxes, ticklabelBoxes2 = self._get_tick_bboxes(ticks_to_draw,
[0;32m-> 1132[0;31m                                                                 renderer)
[0m[1;32m   1133[0m [0;34m[0m[0m
[1;32m   1134[0m         [0;32mfor[0m [0mtick[0m [0;32min[0m [0mticks_to_draw[0m[0;34m:[0m[0;34m[0m[0;34m[0m[0m

[0;32m/opt/hostedtoolcache/Python/3.7.10/x64/lib/python3.7/site-packages/matplotlib/axis.py[0m in [0;36m_get_tick_bboxes[0;34m(self, ticks, renderer)[0m
[1;32m   1056[0m         [0;34m"""Return lists of bboxes for ticks' label1's and label2's."""[0m[0;34m[0m[0;34m[0m[0m
[1;32m   1057[0m         return ([tick.label1.get_window_extent(renderer)
[0;32m-> 1058[0;31m                  for tick in ticks if tick.label1.get_visible()],
[0m[1;32m   1059[0m                 [tick.label2.get_window_extent(renderer)
[1;32m   1060[0m                  for tick in ticks if tick.label2.get_visible()])

[0;32m/opt/hostedtoolcache/Python/3.7.10/x64/lib/python3.7/site-packages/matplotlib/axis.py[0m in [0;36m<listcomp>[0;34m(.0)[0m
[1;32m   1056[0m         [0;34m"""Return lists of bboxes for ticks' label1's and label2's."""[0m[0;34m[0m[0;34m[0m[0m
[1;32m   1057[0m         return ([tick.label1.get_window_extent(renderer)
[0;32m-> 1058[0;31m                  for tick in ticks if tick.label1.get_visible()],
[0m[1;32m   1059[0m                 [tick.label2.get_window_extent(renderer)
[1;32m   1060[0m                  for tick in ticks if tick.label2.get_visible()])

[0;32m/opt/hostedtoolcache/Python/3.7.10/x64/lib/python3.7/site-packages/matplotlib/text.py[0m in [0;36mget_window_extent[0;34m(self, renderer, dpi)[0m
[1;32m    901[0m [0;34m[0m[0m
[1;32m    902[0m         [0;32mwith[0m [0mcbook[0m[0;34m.[0m[0m_setattr_cm[0m[0;34m([0m[0mself[0m[0;34m.[0m[0mfigure[0m[0;34m,[0m [0mdpi[0m[0;34m=[0m[0mdpi[0m[0;34m)[0m[0;34m:[0m[0;34m[0m[0;34m[0m[0m
[0;32m--> 903[0;31m             [0mbbox[0m[0;34m,[0m [0minfo[0m[0;34m,[0m [0mdescent[0m [0;34m=[0m [0mself[0m[0;34m.[0m[0m_get_layout[0m[0;34m([0m[0mself[0m[0;34m.[0m[0m_renderer[0m[0;34m)[0m[0;34m[0m[0;34m[0m[0m
[0m[1;32m    904[0m             [0mx[0m[0;34m,[0m [0my[0m [0;34m=[0m [0mself[0m[0;34m.[0m[0mget_unitless_position[0m[0;34m([0m[0;34m)[0m[0;34m[0m[0;34m[0m[0m
[1;32m    905[0m             [0mx[0m[0;34m,[0m [0my[0m [0;34m=[0m [0mself[0m[0;34m.[0m[0mget_transform[0m[0;34m([0m[0;34m)[0m[0;34m.[0m[0mtransform[0m[0;34m([0m[0;34m([0m[0mx[0m[0;34m,[0m [0my[0m[0;34m)[0m[0;34m)[0m[0;34m[0m[0;34m[0m[0m

[0;32m/opt/hostedtoolcache/Python/3.7.10/x64/lib/python3.7/site-packages/matplotlib/text.py[0m in [0;36m_get_layout[0;34m(self, renderer)[0m
[1;32m    306[0m         _, lp_h, lp_d = renderer.get_text_width_height_descent(
[1;32m    307[0m             [0;34m"lp"[0m[0;34m,[0m [0mself[0m[0;34m.[0m[0m_fontproperties[0m[0;34m,[0m[0;34m[0m[0;34m[0m[0m
[0;32m--> 308[0;31m             ismath="TeX" if self.get_usetex() else False)
[0m[1;32m    309[0m         [0mmin_dy[0m [0;34m=[0m [0;34m([0m[0mlp_h[0m [0;34m-[0m [0mlp_d[0m[0;34m)[0m [0;34m*[0m [0mself[0m[0;34m.[0m[0m_linespacing[0m[0;34m[0m[0;34m[0m[0m
[1;32m    310[0m [0;34m[0m[0m

[0;32m/opt/hostedtoolcache/Python/3.7.10/x64/lib/python3.7/site-packages/matplotlib/backends/backend_agg.py[0m in [0;36mget_text_width_height_descent[0;34m(self, s, prop, ismath)[0m
[1;32m    228[0m             [0mfontsize[0m [0;34m=[0m [0mprop[0m[0;34m.[0m[0mget_size_in_points[0m[0;34m([0m[0;34m)[0m[0;34m[0m[0;34m[0m[0m
[1;32m    229[0m             w, h, d = texmanager.get_text_width_height_descent(
[0;32m--> 230[0;31m                 s, fontsize, renderer=self)
[0m[1;32m    231[0m             [0;32mreturn[0m [0mw[0m[0;34m,[0m [0mh[0m[0;34m,[0m [0md[0m[0;34m[0m[0;34m[0m[0m
[1;32m    232[0m [0;34m[0m[0m

[0;32m/opt/hostedtoolcache/Python/3.7.10/x64/lib/python3.7/site-packages/matplotlib/texmanager.py[0m in [0;36mget_text_width_height_descent[0;34m(self, tex, fontsize, renderer)[0m
[1;32m    397[0m         [0;32melse[0m[0;34m:[0m[0;34m[0m[0;34m[0m[0m
[1;32m    398[0m             [0;31m# use dviread.[0m[0;34m[0m[0;34m[0m[0;34m[0m[0m
[0;32m--> 399[0;31m             [0mdvifile[0m [0;34m=[0m [0mself[0m[0;34m.[0m[0mmake_dvi[0m[0;34m([0m[0mtex[0m[0;34m,[0m [0mfontsize[0m[0;34m)[0m[0;34m[0m[0;34m[0m[0m
[0m[1;32m    400[0m             [0;32mwith[0m [0mdviread[0m[0;34m.[0m[0mDvi[0m[0;34m([0m[0mdvifile[0m[0;34m,[0m [0;36m72[0m [0;34m*[0m [0mdpi_fraction[0m[0;34m)[0m [0;32mas[0m [0mdvi[0m[0;34m:[0m[0;34m[0m[0;34m[0m[0m
[1;32m    401[0m                 [0mpage[0m[0;34m,[0m [0;34m=[0m [0mdvi[0m[0;34m[0m[0;34m[0m[0m

[0;32m/opt/hostedtoolcache/Python/3.7.10/x64/lib/python3.7/site-packages/matplotlib/texmanager.py[0m in [0;36mmake_dvi[0;34m(self, tex, fontsize)[0m
[1;32m    291[0m                 self._run_checked_subprocess(
[1;32m    292[0m                     ["latex", "-interaction=nonstopmode", "--halt-on-error",
[0;32m--> 293[0;31m                      texfile], tex, cwd=tmpdir)
[0m[1;32m    294[0m                 [0;34m([0m[0mPath[0m[0;34m([0m[0mtmpdir[0m[0;34m)[0m [0;34m/[0m [0mPath[0m[0;34m([0m[0mdvifile[0m[0;34m)[0m[0;34m.[0m[0mname[0m[0;34m)[0m[0;34m.[0m[0mreplace[0m[0;34m([0m[0mdvifile[0m[0;34m)[0m[0;34m[0m[0;34m[0m[0m
[1;32m    295[0m         [0;32mreturn[0m [0mdvifile[0m[0;34m[0m[0;34m[0m[0m

[0;32m/opt/hostedtoolcache/Python/3.7.10/x64/lib/python3.7/site-packages/matplotlib/texmanager.py[0m in [0;36m_run_checked_subprocess[0;34m(self, command, tex, cwd)[0m
[1;32m    256[0m             raise RuntimeError(
[1;32m    257[0m                 [0;34m'Failed to process string with tex because {} could not be '[0m[0;34m[0m[0;34m[0m[0m
[0;32m--> 258[0;31m                 'found'.format(command[0])) from exc
[0m[1;32m    259[0m         [0;32mexcept[0m [0msubprocess[0m[0;34m.[0m[0mCalledProcessError[0m [0;32mas[0m [0mexc[0m[0;34m:[0m[0;34m[0m[0;34m[0m[0m
[1;32m    260[0m             raise RuntimeError(

[0;31mRuntimeError[0m: Failed to process string with tex because latex could not be found
RuntimeError: Failed to process string with tex because latex could not be found

